<?xml version="1.0" encoding="UTF-8"?>
<!-- Generated by org.testng.reporters.JUnitXMLReporter -->
<testsuite hostname="etouch" name="Test" tests="2" failures="2" timestamp="4 Apr 2014 13:57:31 GMT" time="58.575" errors="0">
  <testcase name="@AfterClass tearDown" time="0.0" classname="com.etouch.fox.common.TestCiscoMainPage">
    <failure type="org.openqa.selenium.remote.SessionNotFoundException" message="Session ID is null
Build info: version: &amp;apos;2.35.0&amp;apos;, revision: &amp;apos;8df0c6bedf70ff9f22c647788f9fe9c8d22210e2&amp;apos;, time: &amp;apos;2013-08-17 12:46:41&amp;apos;
System info: os.name: &amp;apos;Mac OS X&amp;apos;, os.arch: &amp;apos;x86_64&amp;apos;, os.version: &amp;apos;10.8.5&amp;apos;, java.version: &amp;apos;1.6.0_65&amp;apos;
Driver info: driver.version: RemoteWebDriver">
      <![CDATA[org.openqa.selenium.remote.SessionNotFoundException: Session ID is null
Build info: version: '2.35.0', revision: '8df0c6bedf70ff9f22c647788f9fe9c8d22210e2', time: '2013-08-17 12:46:41'
System info: os.name: 'Mac OS X', os.arch: 'x86_64', os.version: '10.8.5', java.version: '1.6.0_65'
Driver info: driver.version: RemoteWebDriver
	at org.openqa.selenium.remote.HttpCommandExecutor.execute(HttpCommandExecutor.java:276)
	at org.openqa.selenium.remote.RemoteWebDriver.execute(RemoteWebDriver.java:527)
	at org.openqa.selenium.remote.RemoteWebDriver.execute(RemoteWebDriver.java:569)
	at org.openqa.selenium.remote.RemoteWebDriver.close(RemoteWebDriver.java:418)
	at com.etouch.fox.common.TestCiscoMainPage.tearDown(TestCiscoMainPage.java:89)
	at com.etouch.taf.core.TestBedManager.executeTestNG(TestBedManager.java:124)
	at com.etouch.fox.common.BaseTest.exceuteTestNGFile(BaseTest.java:141)
	at com.etouch.fox.common.BaseTest.main(BaseTest.java:102)
... Removed 21 stack frames]]>
    </failure>
  </testcase> <!-- @AfterClass tearDown -->
  <testcase name="testSignIn" time="58.434" classname="com.etouch.fox.common.TestCiscoMainPage">
    <failure type="org.openqa.selenium.remote.SessionNotFoundException" message="Session ID is null
Build info: version: &amp;apos;2.35.0&amp;apos;, revision: &amp;apos;8df0c6bedf70ff9f22c647788f9fe9c8d22210e2&amp;apos;, time: &amp;apos;2013-08-17 12:46:41&amp;apos;
System info: os.name: &amp;apos;Mac OS X&amp;apos;, os.arch: &amp;apos;x86_64&amp;apos;, os.version: &amp;apos;10.8.5&amp;apos;, java.version: &amp;apos;1.6.0_65&amp;apos;
Driver info: driver.version: RemoteWebDriver">
      <![CDATA[org.openqa.selenium.remote.SessionNotFoundException: Session ID is null
Build info: version: '2.35.0', revision: '8df0c6bedf70ff9f22c647788f9fe9c8d22210e2', time: '2013-08-17 12:46:41'
System info: os.name: 'Mac OS X', os.arch: 'x86_64', os.version: '10.8.5', java.version: '1.6.0_65'
Driver info: driver.version: RemoteWebDriver
	at org.openqa.selenium.remote.HttpCommandExecutor.execute(HttpCommandExecutor.java:276)
	at org.openqa.selenium.remote.RemoteWebDriver.execute(RemoteWebDriver.java:527)
	at org.openqa.selenium.remote.RemoteWebDriver.execute(RemoteWebDriver.java:569)
	at org.openqa.selenium.remote.RemoteWebDriver.getCurrentUrl(RemoteWebDriver.java:291)
	at com.etouch.taf.webui.selenium.WebPage.getCurrentUrl(WebPage.java:908)
	at com.etouch.fox.common.CiscoMainPage_iPhone.getPageUrl(CiscoMainPage_iPhone.java:75)
	at com.etouch.fox.common.TestCiscoMainPage.testSignIn(TestCiscoMainPage.java:111)
	at com.etouch.taf.core.TestBedManager.executeTestNG(TestBedManager.java:124)
	at com.etouch.fox.common.BaseTest.exceuteTestNGFile(BaseTest.java:141)
	at com.etouch.fox.common.BaseTest.main(BaseTest.java:102)
... Removed 21 stack frames]]>
    </failure>
  </testcase> <!-- testSignIn -->
  <testcase name="calCostPurchaseTab" time="0.0" classname="com.etouch.fox.common.TestCiscoMainPage">
    <failure type="java.lang.NullPointerException">
      <![CDATA[java.lang.NullPointerException
	at com.etouch.fox.common.TestCiscoMainPage.calCostPurchaseTab(TestCiscoMainPage.java:173)
	at com.etouch.taf.core.TestBedManager.executeTestNG(TestBedManager.java:124)
	at com.etouch.fox.common.BaseTest.exceuteTestNGFile(BaseTest.java:141)
	at com.etouch.fox.common.BaseTest.main(BaseTest.java:102)
... Removed 21 stack frames]]>
    </failure>
  </testcase> <!-- calCostPurchaseTab -->
</testsuite> <!-- Test -->
