<?xml version="1.0" encoding="UTF-8"?>
<!-- Generated by org.testng.reporters.JUnitXMLReporter -->
<testsuite hostname="eTouch-2.local" name="Test" tests="2" failures="2" timestamp="3 Jul 2014 21:31:46 GMT" time="0.457" errors="0">
  <testcase name="@AfterClass tearDown" time="0.0" classname="com.etouch.cisco.common.TestCiscoMainPage">
    <failure type="org.openqa.selenium.WebDriverException" message="Not implemented in this context, try switching into or out of a web view (WARNING: The server did not provide any stacktrace information)
Command duration or timeout: 5 milliseconds
Build info: version: &amp;apos;2.35.0&amp;apos;, revision: &amp;apos;8df0c6bedf70ff9f22c647788f9fe9c8d22210e2&amp;apos;, time: &amp;apos;2013-08-17 12:46:41&amp;apos;
System info: os.name: &amp;apos;Mac OS X&amp;apos;, os.arch: &amp;apos;x86_64&amp;apos;, os.version: &amp;apos;10.8.5&amp;apos;, java.version: &amp;apos;1.6.0_65&amp;apos;
Session ID: d17b7354-ae92-4048-a2a8-a22f6fda20df
Driver info: org.openqa.selenium.remote.RemoteWebDriver
Capabilities [{platform=MAC, app=/Users/eTouch/Library/Developer/Xcode/DerivedData/ideation-evvzdvaovpasljdhlrdgimxuhndo/Build/Products/Debug-iphonesimulator/ideation.app, javascriptEnabled=true, browserName=iPad, desired={app=/Users/eTouch/Library/Developer/Xcode/DerivedData/ideation-evvzdvaovpasljdhlrdgimxuhndo/Build/Products/Debug-iphonesimulator/ideation.app, deviceName=, platformName=iOS, browserName=iPad, bundleID=com.cisco.ideation, version=7.0.3}, locationContextEnabled=false, version=7.0.3, databaseEnabled=false, deviceName=, platformName=iOS, webStorageEnabled=false, bundleID=com.cisco.ideation, warnings={}, takesScreenshot=true}]">
      <![CDATA[org.openqa.selenium.WebDriverException: Not implemented in this context, try switching into or out of a web view (WARNING: The server did not provide any stacktrace information)
Command duration or timeout: 5 milliseconds
Build info: version: '2.35.0', revision: '8df0c6bedf70ff9f22c647788f9fe9c8d22210e2', time: '2013-08-17 12:46:41'
System info: os.name: 'Mac OS X', os.arch: 'x86_64', os.version: '10.8.5', java.version: '1.6.0_65'
Session ID: d17b7354-ae92-4048-a2a8-a22f6fda20df
Driver info: org.openqa.selenium.remote.RemoteWebDriver
Capabilities [{platform=MAC, app=/Users/eTouch/Library/Developer/Xcode/DerivedData/ideation-evvzdvaovpasljdhlrdgimxuhndo/Build/Products/Debug-iphonesimulator/ideation.app, javascriptEnabled=true, browserName=iPad, desired={app=/Users/eTouch/Library/Developer/Xcode/DerivedData/ideation-evvzdvaovpasljdhlrdgimxuhndo/Build/Products/Debug-iphonesimulator/ideation.app, deviceName=, platformName=iOS, browserName=iPad, bundleID=com.cisco.ideation, version=7.0.3}, locationContextEnabled=false, version=7.0.3, databaseEnabled=false, deviceName=, platformName=iOS, webStorageEnabled=false, bundleID=com.cisco.ideation, warnings={}, takesScreenshot=true}]
	at org.openqa.selenium.remote.ErrorHandler.createThrowable(ErrorHandler.java:191)
	at org.openqa.selenium.remote.ErrorHandler.throwIfResponseFailed(ErrorHandler.java:145)
	at org.openqa.selenium.remote.RemoteWebDriver.execute(RemoteWebDriver.java:554)
	at org.openqa.selenium.remote.RemoteWebDriver.execute(RemoteWebDriver.java:569)
	at org.openqa.selenium.remote.RemoteWebDriver.close(RemoteWebDriver.java:418)
	at com.etouch.cisco.common.TestCiscoMainPage.tearDown(TestCiscoMainPage.java:96)
	at com.etouch.taf.core.TestBedManager.executeTestNG(TestBedManager.java:91)
	at com.etouch.cisco.common.BaseTest.exceuteTestNGFile(BaseTest.java:141)
	at com.etouch.cisco.common.BaseTest.main(BaseTest.java:102)
... Removed 25 stack frames]]>
    </failure>
  </testcase> <!-- @AfterClass tearDown -->
  <testcase name="testSignIn" time="0.0090" classname="com.etouch.cisco.common.TestCiscoMainPage">
    <failure type="org.openqa.selenium.WebDriverException" message="Not implemented in this context, try switching into or out of a web view (WARNING: The server did not provide any stacktrace information)
Command duration or timeout: 7 milliseconds
Build info: version: &amp;apos;2.35.0&amp;apos;, revision: &amp;apos;8df0c6bedf70ff9f22c647788f9fe9c8d22210e2&amp;apos;, time: &amp;apos;2013-08-17 12:46:41&amp;apos;
System info: os.name: &amp;apos;Mac OS X&amp;apos;, os.arch: &amp;apos;x86_64&amp;apos;, os.version: &amp;apos;10.8.5&amp;apos;, java.version: &amp;apos;1.6.0_65&amp;apos;
Session ID: d17b7354-ae92-4048-a2a8-a22f6fda20df
Driver info: org.openqa.selenium.remote.RemoteWebDriver
Capabilities [{platform=MAC, app=/Users/eTouch/Library/Developer/Xcode/DerivedData/ideation-evvzdvaovpasljdhlrdgimxuhndo/Build/Products/Debug-iphonesimulator/ideation.app, javascriptEnabled=true, browserName=iPad, desired={app=/Users/eTouch/Library/Developer/Xcode/DerivedData/ideation-evvzdvaovpasljdhlrdgimxuhndo/Build/Products/Debug-iphonesimulator/ideation.app, deviceName=, platformName=iOS, browserName=iPad, bundleID=com.cisco.ideation, version=7.0.3}, locationContextEnabled=false, version=7.0.3, databaseEnabled=false, deviceName=, platformName=iOS, webStorageEnabled=false, bundleID=com.cisco.ideation, warnings={}, takesScreenshot=true}]">
      <![CDATA[org.openqa.selenium.WebDriverException: Not implemented in this context, try switching into or out of a web view (WARNING: The server did not provide any stacktrace information)
Command duration or timeout: 7 milliseconds
Build info: version: '2.35.0', revision: '8df0c6bedf70ff9f22c647788f9fe9c8d22210e2', time: '2013-08-17 12:46:41'
System info: os.name: 'Mac OS X', os.arch: 'x86_64', os.version: '10.8.5', java.version: '1.6.0_65'
Session ID: d17b7354-ae92-4048-a2a8-a22f6fda20df
Driver info: org.openqa.selenium.remote.RemoteWebDriver
Capabilities [{platform=MAC, app=/Users/eTouch/Library/Developer/Xcode/DerivedData/ideation-evvzdvaovpasljdhlrdgimxuhndo/Build/Products/Debug-iphonesimulator/ideation.app, javascriptEnabled=true, browserName=iPad, desired={app=/Users/eTouch/Library/Developer/Xcode/DerivedData/ideation-evvzdvaovpasljdhlrdgimxuhndo/Build/Products/Debug-iphonesimulator/ideation.app, deviceName=, platformName=iOS, browserName=iPad, bundleID=com.cisco.ideation, version=7.0.3}, locationContextEnabled=false, version=7.0.3, databaseEnabled=false, deviceName=, platformName=iOS, webStorageEnabled=false, bundleID=com.cisco.ideation, warnings={}, takesScreenshot=true}]
	at org.openqa.selenium.remote.ErrorHandler.createThrowable(ErrorHandler.java:191)
	at org.openqa.selenium.remote.ErrorHandler.throwIfResponseFailed(ErrorHandler.java:145)
	at org.openqa.selenium.remote.RemoteWebDriver.execute(RemoteWebDriver.java:554)
	at org.openqa.selenium.remote.RemoteWebDriver.execute(RemoteWebDriver.java:569)
	at org.openqa.selenium.remote.RemoteWebDriver.getCurrentUrl(RemoteWebDriver.java:291)
	at com.etouch.taf.webui.selenium.WebPage.getCurrentUrl(WebPage.java:912)
	at com.etouch.cisco.common.CiscoMainPage.getPageUrl(CiscoMainPage.java:60)
	at com.etouch.cisco.common.TestCiscoMainPage.testSignIn(TestCiscoMainPage.java:131)
	at com.etouch.taf.core.TestBedManager.executeTestNG(TestBedManager.java:91)
	at com.etouch.cisco.common.BaseTest.exceuteTestNGFile(BaseTest.java:141)
	at com.etouch.cisco.common.BaseTest.main(BaseTest.java:102)
... Removed 25 stack frames]]>
    </failure>
  </testcase> <!-- testSignIn -->
  <testcase name="calCostPurchaseTab" time="0.409" classname="com.etouch.cisco.common.TestCiscoMainPage">
    <failure type="org.openqa.selenium.WebDriverException" message="Not implemented in this context, try switching into or out of a web view (WARNING: The server did not provide any stacktrace information)
Command duration or timeout: 5 milliseconds
Build info: version: &amp;apos;2.35.0&amp;apos;, revision: &amp;apos;8df0c6bedf70ff9f22c647788f9fe9c8d22210e2&amp;apos;, time: &amp;apos;2013-08-17 12:46:41&amp;apos;
System info: os.name: &amp;apos;Mac OS X&amp;apos;, os.arch: &amp;apos;x86_64&amp;apos;, os.version: &amp;apos;10.8.5&amp;apos;, java.version: &amp;apos;1.6.0_65&amp;apos;
Session ID: d17b7354-ae92-4048-a2a8-a22f6fda20df
Driver info: org.openqa.selenium.remote.RemoteWebDriver
Capabilities [{platform=MAC, app=/Users/eTouch/Library/Developer/Xcode/DerivedData/ideation-evvzdvaovpasljdhlrdgimxuhndo/Build/Products/Debug-iphonesimulator/ideation.app, javascriptEnabled=true, browserName=iPad, desired={app=/Users/eTouch/Library/Developer/Xcode/DerivedData/ideation-evvzdvaovpasljdhlrdgimxuhndo/Build/Products/Debug-iphonesimulator/ideation.app, deviceName=, platformName=iOS, browserName=iPad, bundleID=com.cisco.ideation, version=7.0.3}, locationContextEnabled=false, version=7.0.3, databaseEnabled=false, deviceName=, platformName=iOS, webStorageEnabled=false, bundleID=com.cisco.ideation, warnings={}, takesScreenshot=true}]">
      <![CDATA[org.openqa.selenium.WebDriverException: Not implemented in this context, try switching into or out of a web view (WARNING: The server did not provide any stacktrace information)
Command duration or timeout: 5 milliseconds
Build info: version: '2.35.0', revision: '8df0c6bedf70ff9f22c647788f9fe9c8d22210e2', time: '2013-08-17 12:46:41'
System info: os.name: 'Mac OS X', os.arch: 'x86_64', os.version: '10.8.5', java.version: '1.6.0_65'
Session ID: d17b7354-ae92-4048-a2a8-a22f6fda20df
Driver info: org.openqa.selenium.remote.RemoteWebDriver
Capabilities [{platform=MAC, app=/Users/eTouch/Library/Developer/Xcode/DerivedData/ideation-evvzdvaovpasljdhlrdgimxuhndo/Build/Products/Debug-iphonesimulator/ideation.app, javascriptEnabled=true, browserName=iPad, desired={app=/Users/eTouch/Library/Developer/Xcode/DerivedData/ideation-evvzdvaovpasljdhlrdgimxuhndo/Build/Products/Debug-iphonesimulator/ideation.app, deviceName=, platformName=iOS, browserName=iPad, bundleID=com.cisco.ideation, version=7.0.3}, locationContextEnabled=false, version=7.0.3, databaseEnabled=false, deviceName=, platformName=iOS, webStorageEnabled=false, bundleID=com.cisco.ideation, warnings={}, takesScreenshot=true}]
	at org.openqa.selenium.remote.ErrorHandler.createThrowable(ErrorHandler.java:191)
	at org.openqa.selenium.remote.ErrorHandler.throwIfResponseFailed(ErrorHandler.java:145)
	at org.openqa.selenium.remote.RemoteWebDriver.execute(RemoteWebDriver.java:554)
	at org.openqa.selenium.remote.RemoteWebDriver.execute(RemoteWebDriver.java:569)
	at org.openqa.selenium.remote.RemoteWebDriver.getCurrentUrl(RemoteWebDriver.java:291)
	at com.etouch.taf.webui.selenium.WebPage.getCurrentUrl(WebPage.java:912)
	at com.etouch.cisco.common.CiscoMainPage.getPageUrl(CiscoMainPage.java:60)
	at com.etouch.cisco.common.TestCiscoMainPage.calCostPurchaseTab(TestCiscoMainPage.java:195)
	at com.etouch.taf.core.TestBedManager.executeTestNG(TestBedManager.java:91)
	at com.etouch.cisco.common.BaseTest.exceuteTestNGFile(BaseTest.java:141)
	at com.etouch.cisco.common.BaseTest.main(BaseTest.java:102)
... Removed 25 stack frames]]>
    </failure>
  </testcase> <!-- calCostPurchaseTab -->
</testsuite> <!-- Test -->
