<?xml version="1.0" encoding="UTF-8"?>
<!-- Generated by org.testng.reporters.JUnitXMLReporter -->
<testsuite hostname="etadmin-think" name="Test" tests="1" failures="1" timestamp="11 Mar 2014 21:42:20 GMT" time="0.058" errors="0">
  <testcase name="@AfterClass tearDown" time="0.0" classname="com.etouch.fox.common.TestCiscoMainPage">
    <failure type="org.openqa.selenium.WebDriverException" message="Not implemented in this context, try switching into or out of a web view (WARNING: The server did not provide any stacktrace information)
Command duration or timeout: 22 milliseconds
Build info: version: &amp;apos;2.35.0&amp;apos;, revision: &amp;apos;8df0c6bedf70ff9f22c647788f9fe9c8d22210e2&amp;apos;, time: &amp;apos;2013-08-17 12:46:41&amp;apos;
System info: os.name: &amp;apos;Mac OS X&amp;apos;, os.arch: &amp;apos;x86_64&amp;apos;, os.version: &amp;apos;10.8.5&amp;apos;, java.version: &amp;apos;1.6.0_65&amp;apos;
Session ID: d29742e1-3226-48f9-80b8-94ff00556b4e
Driver info: org.openqa.selenium.remote.RemoteWebDriver
Capabilities [{platform=MAC, app=null, databaseEnabled=false, javascriptEnabled=true, browserName=iPad, webStorageEnabled=false, device=iPad, locationContextEnabled=false, takesScreenshot=true, version=7.0}]">
      <![CDATA[org.openqa.selenium.WebDriverException: Not implemented in this context, try switching into or out of a web view (WARNING: The server did not provide any stacktrace information)
Command duration or timeout: 22 milliseconds
Build info: version: '2.35.0', revision: '8df0c6bedf70ff9f22c647788f9fe9c8d22210e2', time: '2013-08-17 12:46:41'
System info: os.name: 'Mac OS X', os.arch: 'x86_64', os.version: '10.8.5', java.version: '1.6.0_65'
Session ID: d29742e1-3226-48f9-80b8-94ff00556b4e
Driver info: org.openqa.selenium.remote.RemoteWebDriver
Capabilities [{platform=MAC, app=null, databaseEnabled=false, javascriptEnabled=true, browserName=iPad, webStorageEnabled=false, device=iPad, locationContextEnabled=false, takesScreenshot=true, version=7.0}]
	at org.openqa.selenium.remote.ErrorHandler.createThrowable(ErrorHandler.java:191)
	at org.openqa.selenium.remote.ErrorHandler.throwIfResponseFailed(ErrorHandler.java:145)
	at org.openqa.selenium.remote.RemoteWebDriver.execute(RemoteWebDriver.java:554)
	at org.openqa.selenium.remote.RemoteWebDriver.execute(RemoteWebDriver.java:569)
	at org.openqa.selenium.remote.RemoteWebDriver.close(RemoteWebDriver.java:418)
	at com.etouch.fox.common.BaseTest.tearDown(BaseTest.java:189)
	at com.etouch.taf.core.TestBedManager.executeTestNG(TestBedManager.java:124)
	at com.etouch.fox.common.BaseTest.exceuteTestNGFile(BaseTest.java:141)
	at com.etouch.fox.common.BaseTest.main(BaseTest.java:102)
... Removed 25 stack frames]]>
    </failure>
  </testcase> <!-- @AfterClass tearDown -->
  <testcase name="testSignIn" time="0.0" classname="com.etouch.fox.common.TestCiscoMainPage">
    <failure type="java.lang.NullPointerException">
      <![CDATA[java.lang.NullPointerException
	at com.etouch.fox.common.TestCiscoMainPage.testSignIn(TestCiscoMainPage.java:70)
	at com.etouch.taf.core.TestBedManager.executeTestNG(TestBedManager.java:124)
	at com.etouch.fox.common.BaseTest.exceuteTestNGFile(BaseTest.java:141)
	at com.etouch.fox.common.BaseTest.main(BaseTest.java:102)
... Removed 21 stack frames]]>
    </failure>
  </testcase> <!-- testSignIn -->
</testsuite> <!-- Test -->
