<?xml version="1.0" encoding="UTF-8"?>
<!-- Generated by org.testng.reporters.JUnitXMLReporter -->
<testsuite hostname="Rajeswari" name="Test" tests="1" failures="1" timestamp="22 Jan 2014 18:31:27 GMT" time="5.161" errors="0">
  <testcase name="f" time="5.156" classname="com.etouch.fox.common.OneTest">
    <failure type="org.openqa.selenium.NoSuchElementException" message="Unable to find element with name == q (WARNING: The server did not provide any stacktrace information)
Command duration or timeout: 5.07 seconds
For documentation on this error, please visit: http://seleniumhq.org/exceptions/no_such_element.html
Build info: version: &amp;apos;2.35.0&amp;apos;, revision: &amp;apos;8df0c6bedf70ff9f22c647788f9fe9c8d22210e2&amp;apos;, time: &amp;apos;2013-08-17 12:46:41&amp;apos;
System info: os.name: &amp;apos;Windows NT (unknown)&amp;apos;, os.arch: &amp;apos;amd64&amp;apos;, os.version: &amp;apos;6.2&amp;apos;, java.version: &amp;apos;1.6.0_31&amp;apos;
Session ID: 98d53908-5fab-4647-bd16-a39f27e09c09
Driver info: org.openqa.selenium.ie.InternetExplorerDriver
Capabilities [{platform=WINDOWS, javascriptEnabled=true, elementScrollBehavior=0, enablePersistentHover=true, ignoreZoomSetting=false, ie.ensureCleanSession=false, browserName=internet explorer, enableElementCacheCleanup=true, unexpectedAlertBehaviour=dismiss, version=11, ie.usePerProcessProxy=false, cssSelectorsEnabled=true, ignoreProtectedModeSettings=false, requireWindowFocus=false, initialBrowserUrl=http://localhost:25037/, handlesAlerts=true, ie.forceCreateProcessApi=false, nativeEvents=true, browserAttachTimeout=0, ie.browserCommandLineSwitches=, takesScreenshot=true}]">
      <![CDATA[org.openqa.selenium.NoSuchElementException: Unable to find element with name == q (WARNING: The server did not provide any stacktrace information)
Command duration or timeout: 5.07 seconds
For documentation on this error, please visit: http://seleniumhq.org/exceptions/no_such_element.html
Build info: version: '2.35.0', revision: '8df0c6bedf70ff9f22c647788f9fe9c8d22210e2', time: '2013-08-17 12:46:41'
System info: os.name: 'Windows NT (unknown)', os.arch: 'amd64', os.version: '6.2', java.version: '1.6.0_31'
Session ID: 98d53908-5fab-4647-bd16-a39f27e09c09
Driver info: org.openqa.selenium.ie.InternetExplorerDriver
Capabilities [{platform=WINDOWS, javascriptEnabled=true, elementScrollBehavior=0, enablePersistentHover=true, ignoreZoomSetting=false, ie.ensureCleanSession=false, browserName=internet explorer, enableElementCacheCleanup=true, unexpectedAlertBehaviour=dismiss, version=11, ie.usePerProcessProxy=false, cssSelectorsEnabled=true, ignoreProtectedModeSettings=false, requireWindowFocus=false, initialBrowserUrl=http://localhost:25037/, handlesAlerts=true, ie.forceCreateProcessApi=false, nativeEvents=true, browserAttachTimeout=0, ie.browserCommandLineSwitches=, takesScreenshot=true}]
	at org.openqa.selenium.remote.ErrorHandler.createThrowable(ErrorHandler.java:191)
	at org.openqa.selenium.remote.ErrorHandler.throwIfResponseFailed(ErrorHandler.java:145)
	at org.openqa.selenium.remote.RemoteWebDriver.execute(RemoteWebDriver.java:554)
	at org.openqa.selenium.remote.RemoteWebDriver.findElement(RemoteWebDriver.java:307)
	at org.openqa.selenium.remote.RemoteWebDriver.findElementByName(RemoteWebDriver.java:380)
	at org.openqa.selenium.By$ByName.findElement(By.java:292)
	at org.openqa.selenium.remote.RemoteWebDriver.findElement(RemoteWebDriver.java:299)
	at com.etouch.fox.common.OneTest.f(OneTest.java:35)
	at com.etouch.taf.core.TestBedManager.executeTestNG(TestBedManager.java:123)
	at com.etouch.fox.common.BaseTest.exceuteTestNGFile(BaseTest.java:135)
	at com.etouch.fox.common.BaseTest.main(BaseTest.java:99)
... Removed 25 stack frames]]>
    </failure>
  </testcase> <!-- f -->
</testsuite> <!-- Test -->
