<html>
<head>
<title>TestNG:  TestJson</title>
<link href="../testng.css" rel="stylesheet" type="text/css" />
<link href="../my-testng.css" rel="stylesheet" type="text/css" />

<style type="text/css">
.log { display: none;} 
.stack-trace { display: none;} 
</style>
<script type="text/javascript">
<!--
function flip(e) {
  current = e.style.display;
  if (current == 'block') {
    e.style.display = 'none';
    return 0;
  }
  else {
    e.style.display = 'block';
    return 1;
  }
}

function toggleBox(szDivId, elem, msg1, msg2)
{
  var res = -1;  if (document.getElementById) {
    res = flip(document.getElementById(szDivId));
  }
  else if (document.all) {
    // this is the way old msie versions work
    res = flip(document.all[szDivId]);
  }
  if(elem) {
    if(res == 0) elem.innerHTML = msg1; else elem.innerHTML = msg2;
  }

}

function toggleAllBoxes() {
  if (document.getElementsByTagName) {
    d = document.getElementsByTagName('div');
    for (i = 0; i < d.length; i++) {
      if (d[i].className == 'log') {
        flip(d[i]);
      }
    }
  }
}

// -->
</script>

</head>
<body>
<h2 align='center'>TestJson</h2><table border='1' align="center">
<tr>
<td>Tests passed/Failed/Skipped:</td><td>3/4/0</td>
</tr><tr>
<td>Started on:</td><td>Sun Jul 28 00:45:52 PDT 2013</td>
</tr>
<tr><td>Total time:</td><td>2 seconds (2207 ms)</td>
</tr><tr>
<td>Included groups:</td><td></td>
</tr><tr>
<td>Excluded groups:</td><td></td>
</tr>
</table><p/>
<small><i>(Hover the method name to see the test class name)</i></small><p/>
<table width='100%' border='1' class='invocation-failed'>
<tr><td colspan='4' align='center'><b>FAILED TESTS</b></td></tr>
<tr><td><b>Test method</b></td>
<td width="30%"><b>Exception</b></td>
<td width="10%"><b>Time (seconds)</b></td>
<td><b>Instance</b></td>
</tr>
<tr>
<td title='test.etouch.foxpoc.shakenbake.TestShakeAndBakeJson.testJsonProductLoadFromResourceExcel()'><b>testJsonProductLoadFromResourceExcel</b><br>Test class: test.etouch.foxpoc.shakenbake.TestShakeAndBakeJson<br>Parameters: /product-data_bad1.json</td>
<td><div><pre>java.lang.AssertionError: Validation Failed expected [true] but found [false]
	at test.etouch.foxpoc.shakenbake.TestShakeAndBakeJson.testJsonProductLoadFromResourceExcel(TestShakeAndBakeJson.java:110)
... Removed 27 stack frames</pre></div><a href='#' onClick='toggleBox("stack-trace26090302", this, "Click to show all stack frames", "Click to hide stack frames")'>Click to show all stack frames</a>
<div class='stack-trace' id='stack-trace26090302'><pre>java.lang.AssertionError: Validation Failed expected [true] but found [false]
	at org.testng.Assert.fail(Assert.java:94)
	at org.testng.Assert.failNotEquals(Assert.java:494)
	at org.testng.Assert.assertTrue(Assert.java:42)
	at test.etouch.foxpoc.shakenbake.TestShakeAndBakeJson.testJsonProductLoadFromResourceExcel(TestShakeAndBakeJson.java:110)
	at sun.reflect.NativeMethodAccessorImpl.invoke0(Native Method)
	at sun.reflect.NativeMethodAccessorImpl.invoke(NativeMethodAccessorImpl.java:57)
	at sun.reflect.DelegatingMethodAccessorImpl.invoke(DelegatingMethodAccessorImpl.java:43)
	at java.lang.reflect.Method.invoke(Method.java:601)
	at org.testng.internal.MethodInvocationHelper.invokeMethod(MethodInvocationHelper.java:84)
	at org.testng.internal.Invoker.invokeMethod(Invoker.java:714)
	at org.testng.internal.Invoker.invokeTestMethod(Invoker.java:901)
	at org.testng.internal.Invoker.invokeTestMethods(Invoker.java:1231)
	at org.testng.internal.TestMethodWorker.invokeTestMethods(TestMethodWorker.java:127)
	at org.testng.internal.TestMethodWorker.run(TestMethodWorker.java:111)
	at org.testng.TestRunner.privateRun(TestRunner.java:767)
	at org.testng.TestRunner.run(TestRunner.java:617)
	at org.testng.SuiteRunner.runTest(SuiteRunner.java:334)
	at org.testng.SuiteRunner.runSequentially(SuiteRunner.java:329)
	at org.testng.SuiteRunner.privateRun(SuiteRunner.java:291)
	at org.testng.SuiteRunner.run(SuiteRunner.java:240)
	at org.testng.SuiteRunnerWorker.runSuite(SuiteRunnerWorker.java:52)
	at org.testng.SuiteRunnerWorker.run(SuiteRunnerWorker.java:86)
	at org.testng.TestNG.runSuitesSequentially(TestNG.java:1224)
	at org.testng.TestNG.runSuitesLocally(TestNG.java:1149)
	at org.testng.TestNG.run(TestNG.java:1057)
	at org.testng.remote.RemoteTestNG.run(RemoteTestNG.java:111)
	at org.testng.remote.RemoteTestNG.initAndRun(RemoteTestNG.java:204)
	at org.testng.remote.RemoteTestNG.main(RemoteTestNG.java:175)
</pre></div></td>
<td>0</td>
<td>test.etouch.foxpoc.shakenbake.TestShakeAndBakeJson@1a8cacd</td></tr>
<tr>
<td title='test.etouch.foxpoc.shakenbake.TestShakeAndBakeJson.testJsonProductLoadFromResourceExcel()'><b>testJsonProductLoadFromResourceExcel</b><br>Test class: test.etouch.foxpoc.shakenbake.TestShakeAndBakeJson<br>Parameters: /product-data_bad2.json</td>
<td><div><pre>java.lang.AssertionError: Validation Failed expected [true] but found [false]
	at test.etouch.foxpoc.shakenbake.TestShakeAndBakeJson.testJsonProductLoadFromResourceExcel(TestShakeAndBakeJson.java:110)
... Removed 27 stack frames</pre></div><a href='#' onClick='toggleBox("stack-trace29970483", this, "Click to show all stack frames", "Click to hide stack frames")'>Click to show all stack frames</a>
<div class='stack-trace' id='stack-trace29970483'><pre>java.lang.AssertionError: Validation Failed expected [true] but found [false]
	at org.testng.Assert.fail(Assert.java:94)
	at org.testng.Assert.failNotEquals(Assert.java:494)
	at org.testng.Assert.assertTrue(Assert.java:42)
	at test.etouch.foxpoc.shakenbake.TestShakeAndBakeJson.testJsonProductLoadFromResourceExcel(TestShakeAndBakeJson.java:110)
	at sun.reflect.NativeMethodAccessorImpl.invoke0(Native Method)
	at sun.reflect.NativeMethodAccessorImpl.invoke(NativeMethodAccessorImpl.java:57)
	at sun.reflect.DelegatingMethodAccessorImpl.invoke(DelegatingMethodAccessorImpl.java:43)
	at java.lang.reflect.Method.invoke(Method.java:601)
	at org.testng.internal.MethodInvocationHelper.invokeMethod(MethodInvocationHelper.java:84)
	at org.testng.internal.Invoker.invokeMethod(Invoker.java:714)
	at org.testng.internal.Invoker.invokeTestMethod(Invoker.java:901)
	at org.testng.internal.Invoker.invokeTestMethods(Invoker.java:1231)
	at org.testng.internal.TestMethodWorker.invokeTestMethods(TestMethodWorker.java:127)
	at org.testng.internal.TestMethodWorker.run(TestMethodWorker.java:111)
	at org.testng.TestRunner.privateRun(TestRunner.java:767)
	at org.testng.TestRunner.run(TestRunner.java:617)
	at org.testng.SuiteRunner.runTest(SuiteRunner.java:334)
	at org.testng.SuiteRunner.runSequentially(SuiteRunner.java:329)
	at org.testng.SuiteRunner.privateRun(SuiteRunner.java:291)
	at org.testng.SuiteRunner.run(SuiteRunner.java:240)
	at org.testng.SuiteRunnerWorker.runSuite(SuiteRunnerWorker.java:52)
	at org.testng.SuiteRunnerWorker.run(SuiteRunnerWorker.java:86)
	at org.testng.TestNG.runSuitesSequentially(TestNG.java:1224)
	at org.testng.TestNG.runSuitesLocally(TestNG.java:1149)
	at org.testng.TestNG.run(TestNG.java:1057)
	at org.testng.remote.RemoteTestNG.run(RemoteTestNG.java:111)
	at org.testng.remote.RemoteTestNG.initAndRun(RemoteTestNG.java:204)
	at org.testng.remote.RemoteTestNG.main(RemoteTestNG.java:175)
</pre></div></td>
<td>0</td>
<td>test.etouch.foxpoc.shakenbake.TestShakeAndBakeJson@1a8cacd</td></tr>
<tr>
<td title='test.etouch.foxpoc.shakenbake.TestShakeAndBakeJson.testJsonProductLoadFromStringExcel()'><b>testJsonProductLoadFromStringExcel</b><br>Test class: test.etouch.foxpoc.shakenbake.TestShakeAndBakeJson<br>Parameters: [{"id": 2,"name": "An ice sculpture","price": 0,"tags": ["cold", "ice"],"dimensions": {"length": 7.0,"width": 12.0,"height": 9.5},"warehouseLocation": {"latitude": -78.75,"longitude": 20.4}},{"id": 3,"name": "A blue mouse","price": 25.50,"dimensions": {"length": 3.1,"width": 1.0,"height": 1.0},"warehouseLocation": {"latitude": 54.4,"longitude": -32.7}}]</td>
<td><div><pre>java.lang.AssertionError: Validation Failed expected [true] but found [false]
	at test.etouch.foxpoc.shakenbake.TestShakeAndBakeJson.testJsonProductLoadFromStringExcel(TestShakeAndBakeJson.java:93)
... Removed 27 stack frames</pre></div><a href='#' onClick='toggleBox("stack-trace1403630", this, "Click to show all stack frames", "Click to hide stack frames")'>Click to show all stack frames</a>
<div class='stack-trace' id='stack-trace1403630'><pre>java.lang.AssertionError: Validation Failed expected [true] but found [false]
	at org.testng.Assert.fail(Assert.java:94)
	at org.testng.Assert.failNotEquals(Assert.java:494)
	at org.testng.Assert.assertTrue(Assert.java:42)
	at test.etouch.foxpoc.shakenbake.TestShakeAndBakeJson.testJsonProductLoadFromStringExcel(TestShakeAndBakeJson.java:93)
	at sun.reflect.NativeMethodAccessorImpl.invoke0(Native Method)
	at sun.reflect.NativeMethodAccessorImpl.invoke(NativeMethodAccessorImpl.java:57)
	at sun.reflect.DelegatingMethodAccessorImpl.invoke(DelegatingMethodAccessorImpl.java:43)
	at java.lang.reflect.Method.invoke(Method.java:601)
	at org.testng.internal.MethodInvocationHelper.invokeMethod(MethodInvocationHelper.java:84)
	at org.testng.internal.Invoker.invokeMethod(Invoker.java:714)
	at org.testng.internal.Invoker.invokeTestMethod(Invoker.java:901)
	at org.testng.internal.Invoker.invokeTestMethods(Invoker.java:1231)
	at org.testng.internal.TestMethodWorker.invokeTestMethods(TestMethodWorker.java:127)
	at org.testng.internal.TestMethodWorker.run(TestMethodWorker.java:111)
	at org.testng.TestRunner.privateRun(TestRunner.java:767)
	at org.testng.TestRunner.run(TestRunner.java:617)
	at org.testng.SuiteRunner.runTest(SuiteRunner.java:334)
	at org.testng.SuiteRunner.runSequentially(SuiteRunner.java:329)
	at org.testng.SuiteRunner.privateRun(SuiteRunner.java:291)
	at org.testng.SuiteRunner.run(SuiteRunner.java:240)
	at org.testng.SuiteRunnerWorker.runSuite(SuiteRunnerWorker.java:52)
	at org.testng.SuiteRunnerWorker.run(SuiteRunnerWorker.java:86)
	at org.testng.TestNG.runSuitesSequentially(TestNG.java:1224)
	at org.testng.TestNG.runSuitesLocally(TestNG.java:1149)
	at org.testng.TestNG.run(TestNG.java:1057)
	at org.testng.remote.RemoteTestNG.run(RemoteTestNG.java:111)
	at org.testng.remote.RemoteTestNG.initAndRun(RemoteTestNG.java:204)
	at org.testng.remote.RemoteTestNG.main(RemoteTestNG.java:175)
</pre></div></td>
<td>0</td>
<td>test.etouch.foxpoc.shakenbake.TestShakeAndBakeJson@1a8cacd</td></tr>
<tr>
<td title='test.etouch.foxpoc.shakenbake.TestShakeAndBakeJson.testJsonProductLoadFromStringExcel()'><b>testJsonProductLoadFromStringExcel</b><br>Test class: test.etouch.foxpoc.shakenbake.TestShakeAndBakeJson<br>Parameters: [{"id": 2,"price": 10,"tags": ["cold", "ice"],"dimensions": {"length": 7.0,"width": 12.0,"height": 9.5},"warehouseLocation": {"latitude": -78.75,"longitude": 20.4}},{"id": 3,"name": "A blue mouse","price": 25.50,"dimensions": {"length": 3.1,"width": 1.0,"height": 1.0},"warehouseLocation": {"latitude": 54.4,"longitude": -32.7}}]</td>
<td><div><pre>java.lang.AssertionError: Validation Failed expected [true] but found [false]
	at test.etouch.foxpoc.shakenbake.TestShakeAndBakeJson.testJsonProductLoadFromStringExcel(TestShakeAndBakeJson.java:93)
... Removed 27 stack frames</pre></div><a href='#' onClick='toggleBox("stack-trace32843996", this, "Click to show all stack frames", "Click to hide stack frames")'>Click to show all stack frames</a>
<div class='stack-trace' id='stack-trace32843996'><pre>java.lang.AssertionError: Validation Failed expected [true] but found [false]
	at org.testng.Assert.fail(Assert.java:94)
	at org.testng.Assert.failNotEquals(Assert.java:494)
	at org.testng.Assert.assertTrue(Assert.java:42)
	at test.etouch.foxpoc.shakenbake.TestShakeAndBakeJson.testJsonProductLoadFromStringExcel(TestShakeAndBakeJson.java:93)
	at sun.reflect.NativeMethodAccessorImpl.invoke0(Native Method)
	at sun.reflect.NativeMethodAccessorImpl.invoke(NativeMethodAccessorImpl.java:57)
	at sun.reflect.DelegatingMethodAccessorImpl.invoke(DelegatingMethodAccessorImpl.java:43)
	at java.lang.reflect.Method.invoke(Method.java:601)
	at org.testng.internal.MethodInvocationHelper.invokeMethod(MethodInvocationHelper.java:84)
	at org.testng.internal.Invoker.invokeMethod(Invoker.java:714)
	at org.testng.internal.Invoker.invokeTestMethod(Invoker.java:901)
	at org.testng.internal.Invoker.invokeTestMethods(Invoker.java:1231)
	at org.testng.internal.TestMethodWorker.invokeTestMethods(TestMethodWorker.java:127)
	at org.testng.internal.TestMethodWorker.run(TestMethodWorker.java:111)
	at org.testng.TestRunner.privateRun(TestRunner.java:767)
	at org.testng.TestRunner.run(TestRunner.java:617)
	at org.testng.SuiteRunner.runTest(SuiteRunner.java:334)
	at org.testng.SuiteRunner.runSequentially(SuiteRunner.java:329)
	at org.testng.SuiteRunner.privateRun(SuiteRunner.java:291)
	at org.testng.SuiteRunner.run(SuiteRunner.java:240)
	at org.testng.SuiteRunnerWorker.runSuite(SuiteRunnerWorker.java:52)
	at org.testng.SuiteRunnerWorker.run(SuiteRunnerWorker.java:86)
	at org.testng.TestNG.runSuitesSequentially(TestNG.java:1224)
	at org.testng.TestNG.runSuitesLocally(TestNG.java:1149)
	at org.testng.TestNG.run(TestNG.java:1057)
	at org.testng.remote.RemoteTestNG.run(RemoteTestNG.java:111)
	at org.testng.remote.RemoteTestNG.initAndRun(RemoteTestNG.java:204)
	at org.testng.remote.RemoteTestNG.main(RemoteTestNG.java:175)
</pre></div></td>
<td>0</td>
<td>test.etouch.foxpoc.shakenbake.TestShakeAndBakeJson@1a8cacd</td></tr>
</table><p>
<table width='100%' border='1' class='invocation-passed'>
<tr><td colspan='4' align='center'><b>PASSED TESTS</b></td></tr>
<tr><td><b>Test method</b></td>
<td width="30%"><b>Exception</b></td>
<td width="10%"><b>Time (seconds)</b></td>
<td><b>Instance</b></td>
</tr>
<tr>
<td title='test.etouch.foxpoc.shakenbake.TestShakeAndBakeJson.testJsonProductLoadFromResourceExcel()'><b>testJsonProductLoadFromResourceExcel</b><br>Test class: test.etouch.foxpoc.shakenbake.TestShakeAndBakeJson<br>Parameters: /product-data.json</td>
<td></td>
<td>0</td>
<td>test.etouch.foxpoc.shakenbake.TestShakeAndBakeJson@1a8cacd</td></tr>
<tr>
<td title='test.etouch.foxpoc.shakenbake.TestShakeAndBakeJson.testJsonProductLoadFromResourceProperties()'><b>testJsonProductLoadFromResourceProperties</b><br>Test class: test.etouch.foxpoc.shakenbake.TestShakeAndBakeJson</td>
<td></td>
<td>0</td>
<td>test.etouch.foxpoc.shakenbake.TestShakeAndBakeJson@1a8cacd</td></tr>
<tr>
<td title='test.etouch.foxpoc.shakenbake.TestShakeAndBakeJson.testJsonProductLoadFromStringExcel()'><b>testJsonProductLoadFromStringExcel</b><br>Test class: test.etouch.foxpoc.shakenbake.TestShakeAndBakeJson<br>Parameters: [{"id": 2,"name": "An ice sculpture","price": 10,"tags": ["cold", "ice"],"dimensions": {"length": 7.0,"width": 12.0,"height": 9.5},"warehouseLocation": {"latitude": -78.75,"longitude": 20.4}},{"id": 3,"name": "A blue mouse","price": 25.50,"dimensions": {"length": 3.1,"width": 1.0,"height": 1.0},"warehouseLocation": {"latitude": 54.4,"longitude": -32.7}}]</td>
<td></td>
<td>0</td>
<td>test.etouch.foxpoc.shakenbake.TestShakeAndBakeJson@1a8cacd</td></tr>
</table><p>
</body>
</html>